cordova/platforms/android/app/build/intermediates/manifest_merge_blame_file/debug/manifest-merger-blame-debug-report.txt
1<?xml version="1.0" encoding="utf-8"?>
2<manifest xmlns:android="http://schemas.android.com/apk/res/android"
3    package="io.framework7.ekmaps"
4    android:hardwareAccelerated="true"
5    android:versionCode="10000"
6    android:versionName="1.0.0" >
7
8    <uses-sdk
9        android:minSdkVersion="22"
9-->src\main\AndroidManifest.xml
10        android:targetSdkVersion="29" />
10-->src\main\AndroidManifest.xml
11
12    <supports-screens
12-->src\main\AndroidManifest.xml:3:5-191
13        android:anyDensity="true"
13-->src\main\AndroidManifest.xml:3:23-48
14        android:largeScreens="true"
14-->src\main\AndroidManifest.xml:3:49-76
15        android:normalScreens="true"
15-->src\main\AndroidManifest.xml:3:77-105
16        android:resizeable="true"
16-->src\main\AndroidManifest.xml:3:106-131
17        android:smallScreens="true"
17-->src\main\AndroidManifest.xml:3:132-159
18        android:xlargeScreens="true" />
18-->src\main\AndroidManifest.xml:3:160-188
19
20    <uses-permission android:name="android.permission.INTERNET" />
20-->src\main\AndroidManifest.xml:4:5-67
20-->src\main\AndroidManifest.xml:4:22-64
21    <uses-permission android:name="android.permission.ACCESS_COARSE_LOCATION" />
21-->src\main\AndroidManifest.xml:5:5-81
21-->src\main\AndroidManifest.xml:5:22-78
22    <uses-permission android:name="android.permission.ACCESS_FINE_LOCATION" />
22-->src\main\AndroidManifest.xml:6:5-79
22-->src\main\AndroidManifest.xml:6:22-76
23    <uses-permission android:name="android.permission.ACCESS_LOCATION_EXTRA_COMMANDS" />
23-->src\main\AndroidManifest.xml:7:5-89
23-->src\main\AndroidManifest.xml:7:22-86
24
25    <application
25-->src\main\AndroidManifest.xml:8:5-15:19
26        android:debuggable="true"
27        android:hardwareAccelerated="true"
27-->src\main\AndroidManifest.xml:8:18-52
28        android:icon="@mipmap/ic_launcher"
28-->src\main\AndroidManifest.xml:8:53-87
29        android:label="@string/app_name"
29-->src\main\AndroidManifest.xml:8:88-120
30        android:supportsRtl="true" >
30-->src\main\AndroidManifest.xml:8:121-147
31        <activity
31-->src\main\AndroidManifest.xml:9:9-14:20
32            android:name="io.framework7.ekmaps.MainActivity"
32-->src\main\AndroidManifest.xml:9:205-232
33            android:configChanges="orientation|keyboardHidden|keyboard|screenSize|locale|smallestScreenSize|screenLayout|uiMode"
33-->src\main\AndroidManifest.xml:9:19-135
34            android:label="@string/activity_name"
34-->src\main\AndroidManifest.xml:9:136-173
35            android:launchMode="singleTop"
35-->src\main\AndroidManifest.xml:9:174-204
36            android:theme="@android:style/Theme.DeviceDefault.NoActionBar"
36-->src\main\AndroidManifest.xml:9:233-295
37            android:windowSoftInputMode="adjustResize" >
37-->src\main\AndroidManifest.xml:9:296-338
38            <intent-filter android:label="@string/launcher_name" >
38-->src\main\AndroidManifest.xml:10:13-13:29
38-->src\main\AndroidManifest.xml:10:28-65
39                <action android:name="android.intent.action.MAIN" />
39-->src\main\AndroidManifest.xml:11:17-69
39-->src\main\AndroidManifest.xml:11:25-66
40
41                <category android:name="android.intent.category.LAUNCHER" />
41-->src\main\AndroidManifest.xml:12:17-77
41-->src\main\AndroidManifest.xml:12:27-74
42            </intent-filter>
43        </activity>
44    </application>
45
46</manifest>